<?xml version="1.0" encoding="UTF-8"?>
<!-- Generated by org.testng.reporters.JUnitXMLReporter -->
<testsuite ignored="0" hostname="DESKTOP-EHKADM5" failures="1" tests="5" name="RegressionOfFirefox" time="42.402" errors="0" timestamp="2022-05-17T16:53:13 EDT">
  <testcase classname="piit.AutomatinTrainingProgram.browsers" name="f" time="3.613"/>
  <testcase classname="piit.AutomatinTrainingProgram.Signout" name="Pictures" time="0.064"/>
  <testcase classname="piit.AutomatinTrainingProgram.Signout" name="TextVerificationMethod" time="6.029">
    <failure type="org.openqa.selenium.NoSuchElementException" message="Unable to locate element: //*[contains(text(),&amp;apos;Please enter your email&amp;apos;)]
For documentation on this error, please visit: https://selenium.dev/exceptions/#no_such_element
Build info: version: &amp;apos;4.1.3&amp;apos;, revision: &amp;apos;7b1ebf28ef&amp;apos;
System info: host: &amp;apos;DESKTOP-EHKADM5&amp;apos;, ip: &amp;apos;10.0.0.241&amp;apos;, os.name: &amp;apos;Windows 10&amp;apos;, os.arch: &amp;apos;amd64&amp;apos;, os.version: &amp;apos;10.0&amp;apos;, java.version: &amp;apos;11.0.13&amp;apos;
Driver info: org.openqa.selenium.firefox.FirefoxDriver
Command: [83241e1c-9755-4332-8e7f-4b80a7222917, findElement {using=xpath, value=//*[contains(text(),&amp;apos;Please enter your email&amp;apos;)]}]
Capabilities {acceptInsecureCerts: true, browserName: firefox, browserVersion: 100.0, javascriptEnabled: true, moz:accessibilityChecks: false, moz:buildID: 20220428192727, moz:debuggerAddress: localhost:54250, moz:geckodriverVersion: 0.31.0, moz:headless: false, moz:processID: 14248, moz:profile: C:\Users\amgha\AppData\Loca..., moz:shutdownTimeout: 60000, moz:useNonSpecCompliantPointerOrigin: false, moz:webdriverClick: true, pageLoadStrategy: normal, platform: WINDOWS, platformName: WINDOWS, platformVersion: 10.0, proxy: Proxy(), se:cdp: ws://localhost:54250/devtoo..., se:cdpVersion: 85.0, setWindowRect: true, strictFileInteractability: false, timeouts: {implicit: 0, pageLoad: 300000, script: 30000}, unhandledPromptBehavior: dismiss and notify}
Session ID: 83241e1c-9755-4332-8e7f-4b80a7222917">
      <![CDATA[org.openqa.selenium.NoSuchElementException: Unable to locate element: //*[contains(text(),'Please enter your email')]
For documentation on this error, please visit: https://selenium.dev/exceptions/#no_such_element
Build info: version: '4.1.3', revision: '7b1ebf28ef'
System info: host: 'DESKTOP-EHKADM5', ip: '10.0.0.241', os.name: 'Windows 10', os.arch: 'amd64', os.version: '10.0', java.version: '11.0.13'
Driver info: org.openqa.selenium.firefox.FirefoxDriver
Command: [83241e1c-9755-4332-8e7f-4b80a7222917, findElement {using=xpath, value=//*[contains(text(),'Please enter your email')]}]
Capabilities {acceptInsecureCerts: true, browserName: firefox, browserVersion: 100.0, javascriptEnabled: true, moz:accessibilityChecks: false, moz:buildID: 20220428192727, moz:debuggerAddress: localhost:54250, moz:geckodriverVersion: 0.31.0, moz:headless: false, moz:processID: 14248, moz:profile: C:\Users\amgha\AppData\Loca..., moz:shutdownTimeout: 60000, moz:useNonSpecCompliantPointerOrigin: false, moz:webdriverClick: true, pageLoadStrategy: normal, platform: WINDOWS, platformName: WINDOWS, platformVersion: 10.0, proxy: Proxy(), se:cdp: ws://localhost:54250/devtoo..., se:cdpVersion: 85.0, setWindowRect: true, strictFileInteractability: false, timeouts: {implicit: 0, pageLoad: 300000, script: 30000}, unhandledPromptBehavior: dismiss and notify}
Session ID: 83241e1c-9755-4332-8e7f-4b80a7222917
at org.openqa.selenium.remote.codec.w3c.W3CHttpResponseCodec.createException(W3CHttpResponseCodec.java:200)
at org.openqa.selenium.remote.codec.w3c.W3CHttpResponseCodec.decode(W3CHttpResponseCodec.java:133)
at org.openqa.selenium.remote.codec.w3c.W3CHttpResponseCodec.decode(W3CHttpResponseCodec.java:53)
at org.openqa.selenium.remote.HttpCommandExecutor.execute(HttpCommandExecutor.java:184)
at org.openqa.selenium.remote.service.DriverCommandExecutor.invokeExecute(DriverCommandExecutor.java:167)
at org.openqa.selenium.remote.service.DriverCommandExecutor.execute(DriverCommandExecutor.java:142)
at org.openqa.selenium.remote.RemoteWebDriver.execute(RemoteWebDriver.java:567)
at org.openqa.selenium.remote.ElementLocation$ElementFinder$2.findElement(ElementLocation.java:162)
at org.openqa.selenium.remote.ElementLocation.findElement(ElementLocation.java:60)
at org.openqa.selenium.remote.RemoteWebDriver.findElement(RemoteWebDriver.java:385)
at org.openqa.selenium.remote.RemoteWebDriver.findElement(RemoteWebDriver.java:377)
at org.openqa.selenium.support.pagefactory.DefaultElementLocator.findElement(DefaultElementLocator.java:70)
at org.openqa.selenium.support.pagefactory.internal.LocatingElementHandler.invoke(LocatingElementHandler.java:39)
at com.sun.proxy.$Proxy23.getText(Unknown Source)
at PageObjectModel.ForgotPasswordPage.QuestionOfText(ForgotPasswordPage.java:25)
at piit.AutomatinTrainingProgram.Signout.TextVerificationMethod(Signout.java:49)
at java.base/java.util.ArrayList.forEach(ArrayList.java:1541)
at java.base/java.util.concurrent.FutureTask.run(FutureTask.java:264)
at java.base/java.util.concurrent.ThreadPoolExecutor.runWorker(ThreadPoolExecutor.java:1128)
at java.base/java.util.concurrent.ThreadPoolExecutor$Worker.run(ThreadPoolExecutor.java:628)
at java.base/java.lang.Thread.run(Thread.java:834)
... Removed 22 stack frames]]>
    </failure>
  </testcase> <!-- TextVerificationMethod -->
  <testcase classname="piit.AutomatinTrainingProgram.Signout" name="f" time="19.026"/>
  <testcase classname="piit.AutomatinTrainingProgram.Execution" name="f" time="0.015"/>
</testsuite> <!-- RegressionOfFirefox -->
